[00:19:59] [Server thread/INFO]: Starting minecraft server version 1.8.7
[00:19:59] [Server thread/INFO]: Loading properties
[00:19:59] [Server thread/INFO]: Default game type: SURVIVAL
[00:19:59] [Server thread/INFO]: This server is running CraftBukkit version git-Spigot-c8a0d06-58d972f (MC: 1.8.7) (Implementing API version 1.8.7-R0.1-SNAPSHOT)
[00:19:59] [Server thread/INFO]: Debug logging is disabled
[00:19:59] [Server thread/INFO]: Server Ping Player Sample Count: 12
[00:19:59] [Server thread/INFO]: Using 4 threads for Netty based IO
[00:20:00] [Server thread/INFO]: Generating keypair
[00:20:00] [Server thread/INFO]: Starting Minecraft server on 127.0.0.1:25556
[00:20:00] [Server thread/INFO]: Using default channel type
[00:20:00] [Server thread/WARN]: **** SERVER IS RUNNING IN OFFLINE/INSECURE MODE!
[00:20:00] [Server thread/WARN]: The server will make no attempt to authenticate usernames. Beware.
[00:20:00] [Server thread/WARN]: While this makes the game possible to play without internet access, it also opens up the ability for hackers to connect with any username they choose.
[00:20:00] [Server thread/WARN]: To change this, set "online-mode" to "true" in the server.properties file.
[00:20:00] [Server thread/INFO]: **** Beginning UUID conversion, this may take A LONG time ****
[00:20:00] [Server thread/INFO]: Preparing level "world"
[00:20:00] [Server thread/INFO]: -------- World Settings For [world] --------
[00:20:00] [Server thread/INFO]: Arrow Despawn Rate: 1200
[00:20:00] [Server thread/INFO]: Allow Zombie Pigmen to spawn from portal blocks: true
[00:20:00] [Server thread/INFO]: Zombie Aggressive Towards Villager: true
[00:20:00] [Server thread/INFO]: Item Despawn Rate: 6000
[00:20:00] [Server thread/INFO]: Item Merge Radius: 2.5
[00:20:00] [Server thread/INFO]: View Distance: 10
[00:20:00] [Server thread/INFO]: Chunks to Grow per Tick: 650
[00:20:00] [Server thread/INFO]: Clear tick list: false
[00:20:00] [Server thread/INFO]: Experience Merge Radius: 3.0
[00:20:00] [Server thread/INFO]: Anti X-Ray: true
[00:20:00] [Server thread/INFO]: 	Engine Mode: 1
[00:20:00] [Server thread/INFO]: 	Hidden Blocks: [14, 15, 16, 21, 48, 49, 54, 56, 73, 74, 82, 129, 130]
[00:20:00] [Server thread/INFO]: 	Replace Blocks: [1, 5]
[00:20:00] [Server thread/INFO]: Mob Spawn Range: 4
[00:20:00] [Server thread/INFO]: Nerfing mobs spawned from spawners: false
[00:20:00] [Server thread/INFO]: Cactus Growth Modifier: 100%
[00:20:00] [Server thread/INFO]: Cane Growth Modifier: 100%
[00:20:00] [Server thread/INFO]: Melon Growth Modifier: 100%
[00:20:00] [Server thread/INFO]: Mushroom Growth Modifier: 100%
[00:20:00] [Server thread/INFO]: Pumpkin Growth Modifier: 100%
[00:20:00] [Server thread/INFO]: Sapling Growth Modifier: 100%
[00:20:00] [Server thread/INFO]: Wheat Growth Modifier: 100%
[00:20:00] [Server thread/INFO]: NetherWart Growth Modifier: 100%
[00:20:00] [Server thread/INFO]: Entity Activation Range: An 32 / Mo 32 / Mi 16
[00:20:00] [Server thread/INFO]: Entity Tracking Range: Pl 48 / An 48 / Mo 48 / Mi 32 / Other 64
[00:20:00] [Server thread/INFO]: Hopper Transfer: 8 Hopper Check: 8 Hopper Amount: 1
[00:20:00] [Server thread/INFO]: Random Lighting Updates: false
[00:20:00] [Server thread/INFO]: Structure Info Saving: true
[00:20:00] [Server thread/INFO]: Sending up to 10 chunks per packet
[00:20:00] [Server thread/INFO]: Max Entity Collisions: 8
[00:20:00] [Server thread/INFO]: Custom Map Seeds:  Village: 10387312 Feature: 14357617
[00:20:00] [Server thread/INFO]: Max TNT Explosions: 100
[00:20:00] [Server thread/INFO]: Tile Max Tick Time: 50ms Entity max Tick Time: 50ms
[00:20:00] [Server thread/INFO]: -------- World Settings For [world_nether] --------
[00:20:00] [Server thread/INFO]: Arrow Despawn Rate: 1200
[00:20:00] [Server thread/INFO]: Allow Zombie Pigmen to spawn from portal blocks: true
[00:20:00] [Server thread/INFO]: Zombie Aggressive Towards Villager: true
[00:20:00] [Server thread/INFO]: Item Despawn Rate: 6000
[00:20:00] [Server thread/INFO]: Item Merge Radius: 2.5
[00:20:00] [Server thread/INFO]: View Distance: 10
[00:20:00] [Server thread/INFO]: Chunks to Grow per Tick: 650
[00:20:00] [Server thread/INFO]: Clear tick list: false
[00:20:00] [Server thread/INFO]: Experience Merge Radius: 3.0
[00:20:00] [Server thread/INFO]: Anti X-Ray: true
[00:20:00] [Server thread/INFO]: 	Engine Mode: 1
[00:20:00] [Server thread/INFO]: 	Hidden Blocks: [14, 15, 16, 21, 48, 49, 54, 56, 73, 74, 82, 129, 130]
[00:20:00] [Server thread/INFO]: 	Replace Blocks: [1, 5]
[00:20:00] [Server thread/INFO]: Mob Spawn Range: 4
[00:20:00] [Server thread/INFO]: Nerfing mobs spawned from spawners: false
[00:20:00] [Server thread/INFO]: Cactus Growth Modifier: 100%
[00:20:00] [Server thread/INFO]: Cane Growth Modifier: 100%
[00:20:00] [Server thread/INFO]: Melon Growth Modifier: 100%
[00:20:00] [Server thread/INFO]: Mushroom Growth Modifier: 100%
[00:20:00] [Server thread/INFO]: Pumpkin Growth Modifier: 100%
[00:20:00] [Server thread/INFO]: Sapling Growth Modifier: 100%
[00:20:00] [Server thread/INFO]: Wheat Growth Modifier: 100%
[00:20:00] [Server thread/INFO]: NetherWart Growth Modifier: 100%
[00:20:00] [Server thread/INFO]: Entity Activation Range: An 32 / Mo 32 / Mi 16
[00:20:00] [Server thread/INFO]: Entity Tracking Range: Pl 48 / An 48 / Mo 48 / Mi 32 / Other 64
[00:20:00] [Server thread/INFO]: Hopper Transfer: 8 Hopper Check: 8 Hopper Amount: 1
[00:20:00] [Server thread/INFO]: Random Lighting Updates: false
[00:20:00] [Server thread/INFO]: Structure Info Saving: true
[00:20:00] [Server thread/INFO]: Sending up to 10 chunks per packet
[00:20:00] [Server thread/INFO]: Max Entity Collisions: 8
[00:20:00] [Server thread/INFO]: Custom Map Seeds:  Village: 10387312 Feature: 14357617
[00:20:00] [Server thread/INFO]: Max TNT Explosions: 100
[00:20:00] [Server thread/INFO]: Tile Max Tick Time: 50ms Entity max Tick Time: 50ms
[00:20:00] [Server thread/INFO]: -------- World Settings For [world_the_end] --------
[00:20:00] [Server thread/INFO]: Arrow Despawn Rate: 1200
[00:20:00] [Server thread/INFO]: Allow Zombie Pigmen to spawn from portal blocks: true
[00:20:00] [Server thread/INFO]: Zombie Aggressive Towards Villager: true
[00:20:00] [Server thread/INFO]: Item Despawn Rate: 6000
[00:20:00] [Server thread/INFO]: Item Merge Radius: 2.5
[00:20:00] [Server thread/INFO]: View Distance: 10
[00:20:00] [Server thread/INFO]: Chunks to Grow per Tick: 650
[00:20:00] [Server thread/INFO]: Clear tick list: false
[00:20:00] [Server thread/INFO]: Experience Merge Radius: 3.0
[00:20:00] [Server thread/INFO]: Anti X-Ray: true
[00:20:00] [Server thread/INFO]: 	Engine Mode: 1
[00:20:00] [Server thread/INFO]: 	Hidden Blocks: [14, 15, 16, 21, 48, 49, 54, 56, 73, 74, 82, 129, 130]
[00:20:00] [Server thread/INFO]: 	Replace Blocks: [1, 5]
[00:20:00] [Server thread/INFO]: Mob Spawn Range: 4
[00:20:00] [Server thread/INFO]: Nerfing mobs spawned from spawners: false
[00:20:00] [Server thread/INFO]: Cactus Growth Modifier: 100%
[00:20:00] [Server thread/INFO]: Cane Growth Modifier: 100%
[00:20:00] [Server thread/INFO]: Melon Growth Modifier: 100%
[00:20:00] [Server thread/INFO]: Mushroom Growth Modifier: 100%
[00:20:00] [Server thread/INFO]: Pumpkin Growth Modifier: 100%
[00:20:00] [Server thread/INFO]: Sapling Growth Modifier: 100%
[00:20:00] [Server thread/INFO]: Wheat Growth Modifier: 100%
[00:20:00] [Server thread/INFO]: NetherWart Growth Modifier: 100%
[00:20:00] [Server thread/INFO]: Entity Activation Range: An 32 / Mo 32 / Mi 16
[00:20:00] [Server thread/INFO]: Entity Tracking Range: Pl 48 / An 48 / Mo 48 / Mi 32 / Other 64
[00:20:00] [Server thread/INFO]: Hopper Transfer: 8 Hopper Check: 8 Hopper Amount: 1
[00:20:00] [Server thread/INFO]: Random Lighting Updates: false
[00:20:00] [Server thread/INFO]: Structure Info Saving: true
[00:20:00] [Server thread/INFO]: Sending up to 10 chunks per packet
[00:20:00] [Server thread/INFO]: Max Entity Collisions: 8
[00:20:00] [Server thread/INFO]: Custom Map Seeds:  Village: 10387312 Feature: 14357617
[00:20:00] [Server thread/INFO]: Max TNT Explosions: 100
[00:20:00] [Server thread/INFO]: Tile Max Tick Time: 50ms Entity max Tick Time: 50ms
[00:20:00] [Server thread/INFO]: Preparing start region for level 0 (Seed: 8172739740140881422)
[00:20:01] [Server thread/INFO]: Preparing spawn area: 14%
[00:20:02] [Server thread/INFO]: Preparing spawn area: 42%
[00:20:03] [Server thread/INFO]: Preparing spawn area: 88%
[00:20:04] [Server thread/INFO]: Preparing start region for level 1 (Seed: 8172739740140881422)
[00:20:04] [Thread-7/INFO]: UUID of player Hello.Moura is 6010a4c6-8a9b-3d92-9c7f-72ec6a5518ca
[00:20:05] [Server thread/INFO]: Preparing spawn area: 58%
[00:20:05] [Server thread/INFO]: Preparing start region for level 2 (Seed: 8172739740140881422)
[00:20:05] [Server thread/INFO]: Server permissions file permissions.yml is empty, ignoring it
[00:20:05] [Server thread/INFO]: Done (5,291s)! For help, type "help" or "?"
[00:20:06] [Server thread/INFO]: Hello.Moura[/127.0.0.1:49987] logged in with entity id 309 at ([world]6.237500011920929, 64.0, 182.30000001192093)
[05:53:18] [Server thread/INFO]: Hello.Moura has just earned the achievement [Bake Bread]
[09:38:25] [Server thread/INFO]: Hello.Moura lost connection: Disconnected
[09:38:26] [Server thread/INFO]: Hello.Moura left the game.
[09:52:52] [Thread-3/INFO]: Stopping server
